<?xml version="1.0" encoding="utf-8"?><testsuites><testsuite name="pytest" errors="0" failures="0" skipped="0" tests="4" time="1.783" timestamp="2025-11-22T09:25:43.060112" hostname="Bharath-asus"><testcase classname="tests.unit.organize.test_entity_extractor_spacy_only" name="test_extract_entities_from_sample_text" time="0.458" /><testcase classname="tests.unit.organize.test_entity_extractor_spacy_only" name="test_label_mapping" time="0.001" /><testcase classname="tests.unit.organize.test_entity_extractor_spacy_only" name="test_empty_input" time="0.001" /><testcase classname="tests.unit.organize.test_entity_extractor_spacy_only" name="test_multiple_occurrences" time="0.010" /></testsuite></testsuites>